<?xml version="1.0" encoding="UTF-8"?>
<testng-results ignored="0" total="1" passed="1" failed="0" skipped="0">
  <reporter-output>
  </reporter-output>
  <suite started-at="2022-02-12T17:11:44 BDT" name="Surefire suite" finished-at="2022-02-12T17:12:04 BDT" duration-ms="19655">
    <groups>
      <group name="cucumber">
        <method signature="AbstractTestNGCucumberTests.feature(cucumber.api.testng.CucumberFeatureWrapper)[pri:0, instance:com.bangladesh.TestRunnerr.TestRunnerr@639c2c1d]" name="feature" class="cucumber.api.testng.AbstractTestNGCucumberTests"/>
      </group> <!-- cucumber -->
    </groups>
    <test started-at="2022-02-12T17:11:44 BDT" name="Surefire test" finished-at="2022-02-12T17:12:04 BDT" duration-ms="19655">
      <class name="com.bangladesh.TestRunnerr.TestRunnerr">
        <test-method is-config="true" signature="lunchTheUrl()[pri:0, instance:com.bangladesh.TestRunnerr.TestRunnerr@639c2c1d]" started-at="2022-02-12T17:11:44 BDT" name="lunchTheUrl" finished-at="2022-02-12T17:11:47 BDT" duration-ms="2690" status="PASS">
          <reporter-output>
          </reporter-output>
        </test-method> <!-- lunchTheUrl -->
        <test-method is-config="true" signature="setUpClass()[pri:0, instance:com.bangladesh.TestRunnerr.TestRunnerr@639c2c1d]" started-at="2022-02-12T17:11:47 BDT" name="setUpClass" finished-at="2022-02-12T17:11:47 BDT" duration-ms="430" status="PASS">
          <reporter-output>
          </reporter-output>
        </test-method> <!-- setUpClass -->
        <test-method signature="feature(cucumber.api.testng.CucumberFeatureWrapper)[pri:0, instance:com.bangladesh.TestRunnerr.TestRunnerr@639c2c1d]" started-at="2022-02-12T17:11:47 BDT" name="feature" description="Runs Cucumber Feature" data-provider="features" finished-at="2022-02-12T17:12:03 BDT" duration-ms="15366" status="PASS">
          <params>
            <param index="0">
              <value>
                <![CDATA[Dell Login verification]]>
              </value>
            </param>
          </params>
          <reporter-output>
          </reporter-output>
        </test-method> <!-- feature -->
        <test-method is-config="true" signature="tearDownClass()[pri:0, instance:com.bangladesh.TestRunnerr.TestRunnerr@639c2c1d]" started-at="2022-02-12T17:12:03 BDT" name="tearDownClass" finished-at="2022-02-12T17:12:03 BDT" duration-ms="17" status="PASS">
          <reporter-output>
          </reporter-output>
        </test-method> <!-- tearDownClass -->
        <test-method is-config="true" signature="closeTheUrl()[pri:0, instance:com.bangladesh.TestRunnerr.TestRunnerr@639c2c1d]" started-at="2022-02-12T17:12:03 BDT" name="closeTheUrl" finished-at="2022-02-12T17:12:04 BDT" duration-ms="936" status="PASS">
          <reporter-output>
          </reporter-output>
        </test-method> <!-- closeTheUrl -->
      </class> <!-- com.bangladesh.TestRunnerr.TestRunnerr -->
    </test> <!-- Surefire test -->
  </suite> <!-- Surefire suite -->
</testng-results>
