<?xml version="1.0" encoding="UTF-8"?>
<testng-results ignored="0" total="1" passed="1" failed="0" skipped="0">
  <reporter-output>
  </reporter-output>
  <suite started-at="2022-02-12T20:14:16 BDT" name="Default suite" finished-at="2022-02-12T20:14:51 BDT" duration-ms="34827">
    <groups>
      <group name="cucumber">
        <method signature="AbstractTestNGCucumberTests.feature(cucumber.api.testng.CucumberFeatureWrapper)[pri:0, instance:com.bangladesh.TestRunnerr.TestRunnerr@130c12b7]" name="feature" class="cucumber.api.testng.AbstractTestNGCucumberTests"/>
      </group> <!-- cucumber -->
    </groups>
    <test started-at="2022-02-12T20:14:16 BDT" name="Default test" finished-at="2022-02-12T20:14:51 BDT" duration-ms="34827">
      <class name="com.bangladesh.TestRunnerr.TestRunnerr">
        <test-method is-config="true" signature="lunchTheUrl()[pri:0, instance:com.bangladesh.TestRunnerr.TestRunnerr@130c12b7]" started-at="2022-02-12T20:14:16 BDT" name="lunchTheUrl" finished-at="2022-02-12T20:14:19 BDT" duration-ms="2958" status="PASS">
          <reporter-output>
          </reporter-output>
        </test-method> <!-- lunchTheUrl -->
        <test-method is-config="true" signature="setUpClass()[pri:0, instance:com.bangladesh.TestRunnerr.TestRunnerr@130c12b7]" started-at="2022-02-12T20:14:19 BDT" name="setUpClass" finished-at="2022-02-12T20:14:20 BDT" duration-ms="470" status="PASS">
          <reporter-output>
          </reporter-output>
        </test-method> <!-- setUpClass -->
        <test-method signature="feature(cucumber.api.testng.CucumberFeatureWrapper)[pri:0, instance:com.bangladesh.TestRunnerr.TestRunnerr@130c12b7]" started-at="2022-02-12T20:14:20 BDT" name="feature" description="Runs Cucumber Feature" data-provider="features" finished-at="2022-02-12T20:14:50 BDT" duration-ms="30126" status="PASS">
          <params>
            <param index="0">
              <value>
                <![CDATA[Dell Login verification]]>
              </value>
            </param>
          </params>
          <reporter-output>
          </reporter-output>
        </test-method> <!-- feature -->
        <test-method is-config="true" signature="tearDownClass()[pri:0, instance:com.bangladesh.TestRunnerr.TestRunnerr@130c12b7]" started-at="2022-02-12T20:14:50 BDT" name="tearDownClass" finished-at="2022-02-12T20:14:50 BDT" duration-ms="30" status="PASS">
          <reporter-output>
          </reporter-output>
        </test-method> <!-- tearDownClass -->
        <test-method is-config="true" signature="closeTheUrl()[pri:0, instance:com.bangladesh.TestRunnerr.TestRunnerr@130c12b7]" started-at="2022-02-12T20:14:50 BDT" name="closeTheUrl" finished-at="2022-02-12T20:14:51 BDT" duration-ms="975" status="PASS">
          <reporter-output>
          </reporter-output>
        </test-method> <!-- closeTheUrl -->
      </class> <!-- com.bangladesh.TestRunnerr.TestRunnerr -->
    </test> <!-- Default test -->
  </suite> <!-- Default suite -->
</testng-results>
